0 info it worked if it ends with ok
1 verbose cli [ '/Users/federicoghedina/.nvm/versions/node/v6.11.5/bin/node',
1 verbose cli   '/Users/federicoghedina/.nvm/versions/node/v6.11.5/bin/npm',
1 verbose cli   'publish' ]
2 info using npm@3.10.10
3 info using node@v6.11.5
4 verbose publish [ '.' ]
5 silly cache add args [ '.', null ]
6 verbose cache add spec .
7 silly cache add parsed spec Result {
7 silly cache add   raw: '.',
7 silly cache add   scope: null,
7 silly cache add   escapedName: null,
7 silly cache add   name: null,
7 silly cache add   rawSpec: '.',
7 silly cache add   spec: '/Users/federicoghedina/htdocs/widgzard',
7 silly cache add   type: 'directory' }
8 verbose addLocalDirectory /Users/federicoghedina/.npm/widgzard/1.0.0/package.tgz not in flight; packing
9 verbose correctMkdir /Users/federicoghedina/.npm correctMkdir not in flight; initializing
10 info lifecycle widgzard@1.0.0~prepublish: widgzard@1.0.0
11 silly lifecycle widgzard@1.0.0~prepublish: no script for prepublish, continuing
12 verbose tar pack [ '/Users/federicoghedina/.npm/widgzard/1.0.0/package.tgz',
12 verbose tar pack   '/Users/federicoghedina/htdocs/widgzard' ]
13 verbose tarball /Users/federicoghedina/.npm/widgzard/1.0.0/package.tgz
14 verbose folder /Users/federicoghedina/htdocs/widgzard
15 verbose addLocalTarball adding from inside cache /Users/federicoghedina/.npm/widgzard/1.0.0/package.tgz
16 verbose correctMkdir /Users/federicoghedina/.npm correctMkdir not in flight; initializing
17 silly cache afterAdd widgzard@1.0.0
18 verbose afterAdd /Users/federicoghedina/.npm/widgzard/1.0.0/package/package.json not in flight; writing
19 verbose correctMkdir /Users/federicoghedina/.npm correctMkdir not in flight; initializing
20 verbose afterAdd /Users/federicoghedina/.npm/widgzard/1.0.0/package/package.json written
21 silly publish { name: 'widgzard',
21 silly publish   version: '1.0.0',
21 silly publish   main: 'lib/js/widgzard.js',
21 silly publish   scripts:
21 silly publish    { start: 'node srv.js',
21 silly publish      build: 'node node_modules/malta/src/bin.js build.json',
21 silly publish      'build:dev': 'node node_modules/malta/src/bin.js builddev.json' },
21 silly publish   repository:
21 silly publish    { type: 'git',
21 silly publish      url: 'git+https://github.com/fedeghe/widgzard.git' },
21 silly publish   description: 'A simple engine to build webapps',
21 silly publish   author: { name: 'Federico Ghedina', email: 'fedeghe@gmail.com' },
21 silly publish   license: 'MIT',
21 silly publish   engines: { node: '>=4.0.0' },
21 silly publish   devDependencies:
21 silly publish    { malta: '^3.7.7',
21 silly publish      'malta-browser-refresh': '^1.2.0',
21 silly publish      'malta-header-comment': '^1.0.3',
21 silly publish      'malta-js-uglify': '^1.0.1',
21 silly publish      'malta-less': '^1.0.1' },
21 silly publish   readme: '# WIDGZARD  \n\n![postoreder walk](postorder.svg "postorder walk")\n\n\nWidgzard is a simple module, which allows to build arbirary DOM tree through components with their own lifecycle.   \n\n---\n\n\n### Widgzard will be useful if \n\n- You want to render arbitrary dom trees from literal objects and attach it somewhere. \n\n- each component needs to exploit his own and others component lifecycle\n\n- all components should comunicate in a clear way  \n\n<br/>\n\nThe _Widgzard_ aims to solve the problem in a clear way, receiving a main object literal containing all is needed to get whatever is needed really fast.  \n\n---\n### Install it  \n\n\t> npm install widgzard\n\n### Install dependencies  \n\n\t> npm i\n\nthen build it \n\n\t> npm run build\n\n**hint**: build is a demon process that for the moment (when everything seems quiet) can be shut down (ctrl+c)\n\n### It\\`s time to start it  \n\n\t> npm start  \n\nnow simply go to http://localhost:3000 or http://localhost:3000/samples\n\n\n### use it \n\nNow to use it all You need is (get a look at the samples and) the `lib/js/widgzard.js` file, copy it wherever You like\n\n### ... to be continued !!!',
21 silly publish   readmeFilename: 'README.md',
21 silly publish   gitHead: '14de884c98e82cd4e1a938d111528b63c39bb5af',
21 silly publish   bugs: { url: 'https://github.com/fedeghe/widgzard/issues' },
21 silly publish   homepage: 'https://github.com/fedeghe/widgzard#readme',
21 silly publish   _id: 'widgzard@1.0.0',
21 silly publish   _shasum: '75b826321b2feed85291546378c83d5edaf845ae',
21 silly publish   _from: '.' }
22 verbose getPublishConfig undefined
23 silly mapToRegistry name widgzard
24 silly mapToRegistry using default registry
25 silly mapToRegistry registry https://registry.npmjs.org/
26 silly mapToRegistry data Result {
26 silly mapToRegistry   raw: 'widgzard',
26 silly mapToRegistry   scope: null,
26 silly mapToRegistry   escapedName: 'widgzard',
26 silly mapToRegistry   name: 'widgzard',
26 silly mapToRegistry   rawSpec: '',
26 silly mapToRegistry   spec: 'latest',
26 silly mapToRegistry   type: 'tag' }
27 silly mapToRegistry uri https://registry.npmjs.org/widgzard
28 verbose publish registryBase https://registry.npmjs.org/
29 silly publish uploading /Users/federicoghedina/.npm/widgzard/1.0.0/package.tgz
30 verbose stack Error: "toString()" failed
30 verbose stack     at Buffer.toString (buffer.js:495:11)
30 verbose stack     at CachingRegistryClient.putFirst (/Users/federicoghedina/.nvm/versions/node/v6.11.5/lib/node_modules/npm/node_modules/npm-registry-client/lib/publish.js:97:23)
30 verbose stack     at /Users/federicoghedina/.nvm/versions/node/v6.11.5/lib/node_modules/npm/node_modules/npm-registry-client/lib/publish.js:54:14
30 verbose stack     at ConcatStream.<anonymous> (/Users/federicoghedina/.nvm/versions/node/v6.11.5/lib/node_modules/npm/node_modules/npm-registry-client/node_modules/concat-stream/index.js:36:43)
30 verbose stack     at emitNone (events.js:91:20)
30 verbose stack     at ConcatStream.emit (events.js:185:7)
30 verbose stack     at finishMaybe (/Users/federicoghedina/.nvm/versions/node/v6.11.5/lib/node_modules/npm/node_modules/npm-registry-client/node_modules/concat-stream/node_modules/readable-stream/lib/_stream_writable.js:475:14)
30 verbose stack     at endWritable (/Users/federicoghedina/.nvm/versions/node/v6.11.5/lib/node_modules/npm/node_modules/npm-registry-client/node_modules/concat-stream/node_modules/readable-stream/lib/_stream_writable.js:485:3)
30 verbose stack     at ConcatStream.Writable.end (/Users/federicoghedina/.nvm/versions/node/v6.11.5/lib/node_modules/npm/node_modules/npm-registry-client/node_modules/concat-stream/node_modules/readable-stream/lib/_stream_writable.js:455:41)
30 verbose stack     at ReadStream.onend (_stream_readable.js:511:10)
31 verbose cwd /Users/federicoghedina/htdocs/widgzard
32 error Darwin 17.3.0
33 error argv "/Users/federicoghedina/.nvm/versions/node/v6.11.5/bin/node" "/Users/federicoghedina/.nvm/versions/node/v6.11.5/bin/npm" "publish"
34 error node v6.11.5
35 error npm  v3.10.10
36 error "toString()" failed
37 error If you need help, you may report this error at:
37 error     <https://github.com/npm/npm/issues>
38 verbose exit [ 1, true ]
